

Application start...

23:44:00:252: Warning: qInstallMessageHandler end...
23:44:00:252: Warning: DebugFlag share mem alloced!
23:44:00:252: Warning: Attaching DebugFlag share mem!
23:44:00:252: Warning: Clear DebugFlag share memory...
23:44:00:252: Warning: Clear DebugFlag share memory done!
23:44:00:252: Warning: Init DebugFlag share memory...
23:44:00:252: Warning: Init DebugFlag share memory done!
23:44:00:252: Warning: DEBUG_VAR INITED...
23:44:00:252: Warning: Application runing...
23:44:00:981: Warning: QMetaObject::connectSlotsByName: No matching signal for on_HiWordVal_valueChanged(int)
23:44:00:981: Warning: QMetaObject::connectSlotsByName: No matching signal for on_LoWordVal_valueChanged(int)
23:44:19:342: Warning: [000085459342]发送:876dfc77,d2c1d3d0,c680c576,67655db0,1e84b8bb,返回:20
23:46:19:483: Warning: 发送超时，退出发送状态！
23:47:32:518: Warning: [000085652517]发送:876dfc77,d2c1d3d0,c680c576,67655db0,1e84b8bb,返回:20
23:47:38:231: Warning: 

Application ended!




Application start...

11:18:33:864: Warning: qInstallMessageHandler end...
11:18:33:864: Warning: DebugFlag share mem alloced!
11:18:33:864: Warning: Attaching DebugFlag share mem!
11:18:33:864: Warning: Clear DebugFlag share memory...
11:18:33:864: Warning: Clear DebugFlag share memory done!
11:18:33:864: Warning: Init DebugFlag share memory...
11:18:33:864: Warning: Init DebugFlag share memory done!
11:18:33:864: Warning: DEBUG_VAR INITED...
11:18:33:864: Warning: Application runing...
11:18:34:585: Warning: QMetaObject::connectSlotsByName: No matching signal for on_HiWordVal_valueChanged(int)
11:18:34:585: Warning: QMetaObject::connectSlotsByName: No matching signal for on_LoWordVal_valueChanged(int)
11:19:04:402: Warning:         间隔时间应超过接收超时时间1秒以上，已自动调整间隔时间！
11:19:04:403: Warning:         间隔时间应超过接收超时时间1秒以上，已自动调整接收超时时间！
11:19:07:139: Warning:         间隔时间应超过接收超时时间1秒以上，已自动调整间隔时间！
11:20:03:112: Warning:         [000040803112]发送:4433fe9f,返回:4
11:20:03:124: Warning:         开始接收...
11:20:03:128: Warning:         [000040803127]接收:4433fe9f
11:20:03:129: Warning:         耗时:15ms,串口传输时间:4.166ms[估算],系统传输时间:10.834ms
11:20:03:142: Warning: 第1次传输测试，耗时=15ms[累计=15],总比特数=32,相当于2133.33bps
11:20:04:610: Warning:         [000040804610]发送:ea05138c,返回:4
11:20:04:617: Warning:         开始接收...
11:20:04:625: Warning:         [000040804624]接收:ea05138c
11:20:04:626: Warning:         耗时:14ms,串口传输时间:4.166ms[估算],系统传输时间:9.834ms
11:20:04:631: Warning: 第2次传输测试，耗时=14ms[累计=29],总比特数=32,相当于2285.71bps
11:20:06:111: Warning:         [000040806111]发送:db5e25a2,返回:4
11:20:06:117: Warning:         开始接收...
11:20:06:125: Warning:         [000040806124]接收:db5e25a2
11:20:06:126: Warning:         耗时:13ms,串口传输时间:4.166ms[估算],系统传输时间:8.834ms
11:20:06:131: Warning: 第3次传输测试，耗时=13ms[累计=42],总比特数=32,相当于2461.54bps
11:20:07:611: Warning:         [000040807610]发送:cb373ab8,返回:4
11:20:07:617: Warning:         开始接收...
11:20:07:626: Warning:         [000040807625]接收:cb373ab8
11:20:07:627: Warning:         耗时:15ms,串口传输时间:4.166ms[估算],系统传输时间:10.834ms
11:20:07:633: Warning: 第4次传输测试，耗时=15ms[累计=57],总比特数=32,相当于2133.33bps
11:20:09:111: Warning:         [000040809110]发送:bb904ece,返回:4
11:20:09:117: Warning:         开始接收...
11:20:09:126: Warning:         [000040809125]接收:bb904ece
11:20:09:126: Warning:         耗时:15ms,串口传输时间:4.166ms[估算],系统传输时间:10.834ms
11:20:09:132: Warning: 第5次传输测试，耗时=15ms[累计=72],总比特数=32,相当于2133.33bps
11:20:10:611: Warning:         [000040810611]发送:ab696264,返回:4
11:20:10:617: Warning:         开始接收...
11:20:10:627: Warning:         [000040810626]接收:ab696264
11:20:10:627: Warning:         耗时:15ms,串口传输时间:4.166ms[估算],系统传输时间:10.834ms
11:20:10:633: Warning: 第6次传输测试，耗时=15ms[累计=87],总比特数=32,相当于2133.33bps
11:20:12:111: Warning:         [000040812110]发送:9bc2777a,返回:4
11:20:12:117: Warning:         开始接收...
11:20:12:127: Warning:         [000040812126]接收:9bc2777a
11:20:12:127: Warning:         耗时:16ms,串口传输时间:4.166ms[估算],系统传输时间:11.834ms
11:20:12:136: Warning: 第7次传输测试，耗时=16ms[累计=103],总比特数=32,相当于2000bps
11:20:13:610: Warning:         [000040813609]发送:8d9b8990,返回:4
11:20:13:616: Warning:         开始接收...
11:20:13:627: Warning:         [000040813626]接收:8d9b8990
11:20:13:628: Warning:         耗时:17ms,串口传输时间:4.166ms[估算],系统传输时间:12.834ms
11:20:13:635: Warning: 第8次传输测试，耗时=17ms[累计=120],总比特数=32,相当于1882.35bps
11:20:15:112: Warning:         [000040815112]发送:c57a9e50,返回:4
11:20:15:119: Warning:         开始接收...
11:20:15:129: Warning:         [000040815127]接收:c57a9e50
11:20:15:129: Warning:         耗时:15ms,串口传输时间:4.166ms[估算],系统传输时间:10.834ms
11:20:15:135: Warning: 第9次传输测试，耗时=15ms[累计=135],总比特数=32,相当于2133.33bps
11:20:16:611: Warning:         [000040816611]发送:6c4db2bc,返回:4
11:20:16:617: Warning:         开始接收...
11:20:16:628: Warning:         [000040816627]接收:6c4db2bc
11:20:16:628: Warning:         耗时:16ms,串口传输时间:4.166ms[估算],系统传输时间:11.834ms
11:20:16:636: Warning: 第10次传输测试，耗时=16ms[累计=151],总比特数=32,相当于2000bps
11:20:16:636: Warning: 串口传输时间测算结束:总共传输了320比特数据,总耗时=151ms
11:20:16:636: Warning: 去除耗时的最大值17和最小值13，统计比特数=256,统计耗时=121,每32比特耗时=15.125ms
11:20:27:113: Warning:         [000040827113]发送:92483dab,5428d932,返回:8
11:20:27:123: Warning:         开始接收...
11:20:27:133: Warning:         [000040827130]接收:92483dab,5428d932
11:20:27:133: Warning:         耗时:17ms,串口传输时间:30.25ms,系统传输时间:-13.25ms
11:20:27:141: Warning: 第1次传输测试，耗时=17ms[累计=17],总比特数=64,相当于3764.71bps
11:20:28:611: Warning:         [000040828611]发送:ef9451ed,0bbf6b6e,返回:8
11:20:28:622: Warning:         开始接收...
11:20:28:632: Warning:         [000040828630]接收:ef9451ed,0bbf6b6e
11:20:28:632: Warning:         耗时:19ms,串口传输时间:30.25ms,系统传输时间:-11.25ms
11:20:28:639: Warning: 第2次传输测试，耗时=19ms[累计=36],总比特数=64,相当于3368.42bps
11:20:30:111: Warning:         [000040830110]发送:dd6d6683,92a46d2b,返回:8
11:20:30:122: Warning:         开始接收...
11:20:30:132: Warning:         [000040830131]接收:dd6d6683,92a46d2b
11:20:30:133: Warning:         耗时:21ms,串口传输时间:30.25ms,系统传输时间:-9.25ms
11:20:30:140: Warning: 第3次传输测试，耗时=21ms[累计=57],总比特数=64,相当于3047.62bps
11:20:31:611: Warning:         [000040831611]发送:cec67819,198a7268,返回:8
11:20:31:621: Warning:         开始接收...
11:20:31:632: Warning:         [000040831631]接收:cec67819,198a7268
11:20:31:633: Warning:         耗时:20ms,串口传输时间:30.25ms,系统传输时间:-10.25ms
11:20:31:640: Warning: 第4次传输测试，耗时=20ms[累计=77],总比特数=64,相当于3200bps
11:20:33:111: Warning:         [000040833110]发送:bf1f8e2f,a06f7725,返回:8
11:20:33:122: Warning:         开始接收...
11:20:33:133: Warning:         [000040833132]接收:bf1f8e2f,a06f7725
11:20:33:134: Warning:         耗时:22ms,串口传输时间:30.25ms,系统传输时间:-8.25ms
11:20:33:140: Warning: 第5次传输测试，耗时=22ms[累计=99],总比特数=64,相当于2909.09bps
11:20:34:611: Warning:         [000040834611]发送:ae78a145,27557b62,返回:8
11:20:34:622: Warning:         开始接收...
11:20:34:633: Warning:         [000040834632]接收:ae78a145,27557b62
11:20:34:633: Warning:         耗时:21ms,串口传输时间:30.25ms,系统传输时间:-9.25ms
11:20:34:640: Warning: 第6次传输测试，耗时=21ms[累计=120],总比特数=64,相当于3047.62bps
11:20:36:111: Warning:         [000040836111]发送:a051b45b,afba7e1f,返回:8
11:20:36:122: Warning:         开始接收...
11:20:36:134: Warning:         [000040836132]接收:a051b45b,afba7e1f
11:20:36:135: Warning:         耗时:21ms,串口传输时间:30.25ms,系统传输时间:-9.25ms
11:20:36:142: Warning: 第7次传输测试，耗时=21ms[累计=141],总比特数=64,相当于3047.62bps
11:20:37:613: Warning:         [000040837612]发送:d9b0c99b,9d873d5d,返回:8
11:20:37:624: Warning:         开始接收...
11:20:37:634: Warning:         [000040837632]接收:d9b0c99b,9d873d5d
11:20:37:634: Warning:         耗时:20ms,串口传输时间:30.25ms,系统传输时间:-10.25ms
11:20:37:642: Warning: 第8次传输测试，耗时=20ms[累计=161],总比特数=64,相当于3200bps
11:20:39:111: Warning:         [000040839111]发送:ca89dcb1,256d411a,返回:8
11:20:39:121: Warning:         开始接收...
11:20:39:128: Warning:         [000040839126]接收:ca89dcb1,256d411a
11:20:39:129: Warning:         耗时:15ms,串口传输时间:30.25ms,系统传输时间:-15.25ms
11:20:39:136: Warning: 第9次传输测试，耗时=15ms[累计=176],总比特数=64,相当于4266.67bps
11:20:40:611: Warning:         [000040840611]发送:70dcf21d,446b8b56,返回:8
11:20:40:622: Warning:         开始接收...
11:20:40:628: Warning:         [000040840627]接收:70dcf21d,446b8b56
11:20:40:629: Warning:         耗时:16ms,串口传输时间:30.25ms,系统传输时间:-14.25ms
11:20:40:635: Warning: 第10次传输测试，耗时=16ms[累计=192],总比特数=64,相当于4000bps
11:20:40:635: Warning: 串口传输时间测算结束:总共传输了640比特数据,总耗时=192ms
11:20:40:635: Warning: 去除耗时的最大值22和最小值15，统计比特数=512,统计耗时=155,每32比特耗时=9.6875ms
11:21:40:613: Warning:         [000040900612]发送:42c80f3b,caafed5f,ca39eb8f,返回:12
11:21:40:628: Warning:         开始接收...
11:21:40:635: Warning:         [000040900632]接收:42c80f3b,caafed5f,ca39eb8f
11:21:40:635: Warning:         耗时:20ms,串口传输时间:29.062ms,系统传输时间:-9.062ms
11:21:40:642: Warning: 第1次传输测试，耗时=20ms[累计=20],总比特数=96,相当于4800bps
11:21:42:111: Warning:         [000040902111]发送:e99a2327,e9ad389c,5c34e767,返回:12
11:21:42:125: Warning:         开始接收...
11:21:42:135: Warning:         [000040902133]接收:e99a2327,e9ad389c,5c34e767
11:21:42:136: Warning:         耗时:22ms,串口传输时间:29.062ms,系统传输时间:-7.062ms
11:21:42:152: Warning: 第2次传输测试，耗时=22ms[累计=42],总比特数=96,相当于4363.64bps
11:21:43:611: Warning:         [000040903611]发送:da73373d,71133a59,6a5b0257,返回:12
11:21:43:626: Warning:         开始接收...
11:21:43:636: Warning:         [000040903634]接收:da73373d,71133a59,6a5b0257
11:21:43:636: Warning:         耗时:23ms,串口传输时间:29.062ms,系统传输时间:-6.062ms
11:21:43:644: Warning: 第3次传输测试，耗时=23ms[累计=65],总比特数=96,相当于4173.91bps
11:21:45:112: Warning:         [000040905112]发送:14534b7d,6060f916,f42e395d,返回:12
11:21:45:128: Warning:         开始接收...
11:21:45:136: Warning:         [000040905134]接收:14534b7d,6060f916,f42e395d
11:21:45:137: Warning:         耗时:22ms,串口传输时间:29.062ms,系统传输时间:-7.062ms
11:21:45:144: Warning: 第4次传输测试，耗时=22ms[累计=87],总比特数=96,相当于4363.64bps
11:21:46:611: Warning:         [000040906611]发送:ba255e69,7f5e4453,85a93835,返回:12
11:21:46:625: Warning:         开始接收...
11:21:46:636: Warning:         [000040906634]接收:ba255e69,7f5e4453,85a93835
11:21:46:637: Warning:         耗时:23ms,串口传输时间:29.062ms,系统传输时间:-6.062ms
11:21:46:644: Warning: 第5次传输测试，耗时=23ms[累计=110],总比特数=96,相当于4173.91bps
11:21:48:111: Warning:         [000040908111]发送:f48472a9,6eab0091,107d6f3b,返回:12
11:21:48:126: Warning:         开始接收...
11:21:48:137: Warning:         [000040908135]接收:f48472a9,6eab0091,107d6f3b
11:21:48:137: Warning:         耗时:24ms,串口传输时间:29.062ms,系统传输时间:-5.062ms
11:21:48:146: Warning: 第6次传输测试，耗时=24ms[累计=134],总比特数=96,相当于4000bps
11:21:49:611: Warning:         [000040909611]发送:9b578795,8da94b4d,a1776d93,返回:12
11:21:49:626: Warning:         开始接收...
11:21:49:636: Warning:         [000040909634]接收:9b578795,8da94b4d,a1776d93
11:21:49:637: Warning:         耗时:23ms,串口传输时间:29.062ms,系统传输时间:-6.062ms
11:21:49:644: Warning: 第7次传输测试，耗时=23ms[累计=157],总比特数=96,相当于4173.91bps
11:21:51:112: Warning:         [000040911111]发送:8bb09b2b,158f508a,af9e8782,返回:12
11:21:51:126: Warning:         开始接收...
11:21:51:138: Warning:         [000040911135]接收:8bb09b2b,158f508a,af9e8782
11:21:51:139: Warning:         耗时:24ms,串口传输时间:29.062ms,系统传输时间:-5.062ms
11:21:51:146: Warning: 第8次传输测试，耗时=24ms[累计=181],总比特数=96,相当于4000bps
11:21:52:611: Warning:         [000040912611]发送:7a89af41,9b745447,be45a171,返回:12
11:21:52:626: Warning:         开始接收...
11:21:52:639: Warning:         [000040912637]接收:7a89af41,9b745447,be45a171
11:21:52:639: Warning:         耗时:26ms,串口传输时间:29.062ms,系统传输时间:-3.062ms
11:21:52:646: Warning: 第9次传输测试，耗时=26ms[累计=207],总比特数=96,相当于3692.31bps
11:21:54:114: Warning:         [000040914114]发送:6be2c257,235a5884,ca6cbc60,返回:12
11:21:54:128: Warning:         开始接收...
11:21:54:138: Warning:         [000040914136]接收:6be2c257,235a5884,ca6cbc60
11:21:54:139: Warning:         耗时:22ms,串口传输时间:29.062ms,系统传输时间:-7.062ms
11:21:54:146: Warning: 第10次传输测试，耗时=22ms[累计=229],总比特数=96,相当于4363.64bps
11:21:54:146: Warning: 串口传输时间测算结束:总共传输了960比特数据,总耗时=229ms
11:21:54:147: Warning: 去除耗时的最大值26和最小值20，统计比特数=768,统计耗时=183,每32比特耗时=7.625ms
11:22:16:611: Warning:         [000040936611]发送:7f98eda2,0d4d9697,9db64c63,5676953d,返回:16
11:22:16:630: Warning:         开始接收...
11:22:16:639: Warning:         [000040936636]接收:7f98eda2,0d4d9697,9db64c63,5676953d
11:22:16:640: Warning:         耗时:25ms,串口传输时间:30.5ms,系统传输时间:-5.5ms
11:22:16:648: Warning: 第1次传输测试，耗时=25ms[累计=25],总比特数=128,相当于5120bps
11:22:18:111: Warning:         [000040938111]发送:6f7103b9,94329c54,aa5d6652,74745214,返回:16
11:22:18:131: Warning:         开始接收...
11:22:18:138: Warning:         [000040938135]接收:6f7103b9,94329c54,aa5d6652,74745214
11:22:18:139: Warning:         耗时:24ms,串口传输时间:30.5ms,系统传输时间:-6.5ms
11:22:18:146: Warning: 第2次传输测试，耗时=24ms[累计=49],总比特数=128,相当于5333.33bps
11:22:19:611: Warning:         [000040939611]发送:5fca15cf,1b989f91,b78481c1,94720deb,返回:16
11:22:19:630: Warning:         开始接收...
11:22:19:638: Warning:         [000040939635]接收:5fca15cf,1b989f91,b78481c1,94720deb
11:22:19:639: Warning:         耗时:24ms,串口传输时间:30.5ms,系统传输时间:-6.5ms
11:22:19:646: Warning: 第3次传输测试，耗时=24ms[累计=73],总比特数=128,相当于5333.33bps
11:22:21:111: Warning:         [000040941111]发送:4fa32a65,a27da34e,c6ab9cb0,b370c9c1,返回:16
11:22:21:130: Warning:         开始接收...
11:22:21:138: Warning:         [000040941135]接收:4fa32a65,a27da34e,c6ab9cb0,b370c9c1
11:22:21:139: Warning:         耗时:24ms,串口传输时间:30.5ms,系统传输时间:-6.5ms
11:22:21:146: Warning: 第4次传输测试，耗时=24ms[累计=97],总比特数=128,相当于5333.33bps
11:22:22:613: Warning:         [000040942612]发送:8a823e25,91ca618c,507fd5b6,f265927b,返回:16
11:22:22:632: Warning:         开始接收...
11:22:22:640: Warning:         [000040942637]接收:8a823e25,91ca618c,507fd5b6,f265927b
11:22:22:640: Warning:         耗时:25ms,串口传输时间:30.5ms,系统传输时间:-5.5ms
11:22:22:647: Warning: 第5次传输测试，耗时=25ms[累计=122],总比特数=128,相当于5120bps
11:22:24:111: Warning:         [000040944111]发送:30555191,b148ac48,e279d08e,f16c436f,返回:16
11:22:24:129: Warning:         开始接收...
11:22:24:138: Warning:         [000040944135]接收:30555191,b148ac48,e279d08e,f16c436f
11:22:24:139: Warning:         耗时:24ms,串口传输时间:30.5ms,系统传输时间:-6.5ms
11:22:24:147: Warning: 第6次传输测试，耗时=24ms[累计=146],总比特数=128,相当于5333.33bps
11:22:25:610: Warning:         [000040945610]发送:20ae66a7,38aeaf85,f0a0eb7d,126bff45,返回:16
11:22:25:629: Warning:         开始接收...
11:22:25:637: Warning:         [000040945635]接收:20ae66a7,38aeaf85,f0a0eb7d,126bff45
11:22:25:638: Warning:         耗时:25ms,串口传输时间:30.5ms,系统传输时间:-5.5ms
11:22:25:646: Warning: 第7次传输测试，耗时=25ms[累计=171],总比特数=128,相当于5120bps
11:22:27:111: Warning:         [000040947111]发送:108779bd,be93b442,fec7066d,3169ba9c,返回:16
11:22:27:131: Warning:         开始接收...
11:22:27:139: Warning:         [000040947135]接收:108779bd,be93b442,fec7066d,3169ba9c
11:22:27:140: Warning:         耗时:24ms,串口传输时间:30.5ms,系统传输时间:-6.5ms
11:22:27:148: Warning: 第8次传输测试，耗时=24ms[累计=195],总比特数=128,相当于5333.33bps
11:22:28:611: Warning:         [000040948611]发送:00608ed3,4679b87f,0b6f225c,51677773,返回:16
11:22:28:630: Warning:         开始接收...
11:22:28:637: Warning:         [000040948635]接收:00608ed3,4679b87f,0b6f225c,51677773
11:22:28:638: Warning:         耗时:24ms,串口传输时间:30.5ms,系统传输时间:-6.5ms
11:22:28:647: Warning: 第9次传输测试，耗时=24ms[累计=219],总比特数=128,相当于5333.33bps
11:22:30:112: Warning:         [000040950112]发送:3b3fa293,3546753d,96425962,8f5c3fad,返回:16
11:22:30:132: Warning:         开始接收...
11:22:30:141: Warning:         [000040950137]接收:3b3fa293,3546753d,96425962,8f5c3fad
11:22:30:141: Warning:         耗时:25ms,串口传输时间:30.5ms,系统传输时间:-5.5ms
11:22:30:148: Warning: 第10次传输测试，耗时=25ms[累计=244],总比特数=128,相当于5120bps
11:22:30:148: Warning: 串口传输时间测算结束:总共传输了1280比特数据,总耗时=244ms
11:22:30:148: Warning: 去除耗时的最大值25和最小值24，统计比特数=1024,统计耗时=195,每32比特耗时=6.09375ms
11:22:39:112: Warning:         [000040959112]发送:92ce19ee,f83fd62a,6d00db65,2bda9e52,02f48299,返回:20
11:22:39:135: Warning:         开始接收...
11:22:39:146: Warning:         [000040959143]接收:92ce19ee,f83fd62a,6d00db65,2bda9e52,02f48299
11:22:39:147: Warning:         耗时:31ms,串口传输时间:30.468ms,系统传输时间:0.532ms
11:22:39:155: Warning: 第1次传输测试，耗时=31ms[累计=31],总比特数=160,相当于5161.29bps
11:22:40:612: Warning:         [000040960612]发送:ccad2d2e,e78c9268,f753146c,694f638c,20ad9957,返回:20
11:22:40:635: Warning:         开始接收...
11:22:40:644: Warning:         [000040960641]接收:ccad2d2e,e78c9268,f753146c,694f638c,20ad9957
11:22:40:644: Warning:         耗时:29ms,串口传输时间:30.468ms,系统传输时间:-1.468ms
11:22:40:653: Warning: 第2次传输测试，耗时=29ms[累计=60],总比特数=160,相当于5517.24bps
11:22:42:112: Warning:         [000040962111]发送:7380401a,068bdd24,894e1144,6a561580,779732cd,返回:20
11:22:42:135: Warning:         开始接收...
11:22:42:143: Warning:         [000040962140]接收:7380401a,068bdd24,894e1144,6a561580,779732cd
11:22:42:144: Warning:         耗时:29ms,串口传输时间:30.468ms,系统传输时间:-1.468ms
11:22:42:152: Warning: 第3次传输测试，耗时=29ms[累计=89],总比特数=160,相当于5517.24bps
11:22:43:612: Warning:         [000040963612]发送:62595530,8d70e161,97752bb3,89d4d0d6,31690b27,返回:20
11:22:43:635: Warning:         开始接收...
11:22:43:644: Warning:         [000040963641]接收:62595530,8d70e161,97752bb3,89d4d0d6,31690b27
11:22:43:644: Warning:         耗时:29ms,串口传输时间:30.468ms,系统传输时间:-1.468ms
11:22:43:652: Warning: 第4次传输测试，耗时=29ms[累计=118],总比特数=160,相当于5517.24bps
11:22:45:111: Warning:         [000040965111]发送:54b26846,1456e71e,a49c47a2,a8528dad,ecbae380,返回:20
11:22:45:135: Warning:         开始接收...
11:22:45:143: Warning:         [000040965140]接收:54b26846,1456e71e,a49c47a2,a8528dad,ecbae380
11:22:45:144: Warning:         耗时:29ms,串口传输时间:30.468ms,系统传输时间:-1.468ms
11:22:45:152: Warning: 第5次传输测试，耗时=29ms[累计=147],总比特数=160,相当于5517.24bps
11:22:46:611: Warning:         [000040966611]发送:438b7d5c,9cbbe95b,b2436191,c7504a84,a68cbb5a,返回:20
11:22:46:634: Warning:         开始接收...
11:22:46:642: Warning:         [000040966639]接收:438b7d5c,9cbbe95b,b2436191,c7504a84,a68cbb5a
11:22:46:643: Warning:         耗时:28ms,串口传输时间:30.468ms,系统传输时间:-2.468ms
11:22:46:652: Warning: 第6次传输测试，耗时=28ms[累计=175],总比特数=160,相当于5714.29bps
11:22:48:111: Warning:         [000040968111]发送:33e49172,23a1ee98,c06a7c80,e6ce065b,615e95b4,返回:20
11:22:48:136: Warning:         开始接收...
11:22:48:144: Warning:         [000040968141]接收:33e49172,23a1ee98,c06a7c80,e6ce065b,615e95b4
11:22:48:144: Warning:         耗时:30ms,串口传输时间:30.468ms,系统传输时间:-0.468ms
11:22:48:152: Warning: 第7次传输测试，耗时=30ms[累计=205],总比特数=160,相当于5333.33bps
11:22:49:612: Warning:         [000040969612]发送:6d43a4b2,116eac56,4a3eb386,2544cd94,7f97aa72,返回:20
11:22:49:635: Warning:         开始接收...
11:22:49:644: Warning:         [000040969640]接收:6d43a4b2,116eac56,4a3eb386,2544cd94,7f97aa72
11:22:49:644: Warning:         耗时:28ms,串口传输时间:30.468ms,系统传输时间:-2.468ms
11:22:49:653: Warning: 第8次传输测试，耗时=28ms[累计=233],总比特数=160,相当于5714.29bps
11:22:51:110: Warning:         [000040971110]发送:1396b91e,316cf792,dd38b05e,264b7e88,d5814668,返回:20
11:22:51:134: Warning:         开始接收...
11:22:51:143: Warning:         [000040971140]接收:1396b91e,316cf792,dd38b05e,264b7e88,d5814668
11:22:51:143: Warning:         耗时:30ms,串口传输时间:30.468ms,系统传输时间:-0.468ms
11:22:51:152: Warning: 第9次传输测试，耗时=30ms[累计=263],总比特数=160,相当于5333.33bps
11:22:52:612: Warning:         [000040972612]发送:4e75cb5e,20b9b450,668ce864,644047c2,f43a5ca6,返回:20
11:22:52:635: Warning:         开始接收...
11:22:52:643: Warning:         [000040972640]接收:4e75cb5e,20b9b450,668ce864,644047c2,f43a5ca6
11:22:52:644: Warning:         耗时:28ms,串口传输时间:30.468ms,系统传输时间:-2.468ms
11:22:52:653: Warning: 第10次传输测试，耗时=28ms[累计=291],总比特数=160,相当于5714.29bps
11:22:52:653: Warning: 串口传输时间测算结束:总共传输了1600比特数据,总耗时=291ms
11:22:52:654: Warning: 去除耗时的最大值31和最小值28，统计比特数=1280,统计耗时=232,每32比特耗时=5.8ms
11:36:47:379: Warning: 

Application ended!




Application start...

21:23:00:227: Warning: qInstallMessageHandler end...
21:23:00:227: Warning: DebugFlag share mem alloced!
21:23:00:227: Warning: Attaching DebugFlag share mem!
21:23:00:227: Warning: Clear DebugFlag share memory...
21:23:00:227: Warning: Clear DebugFlag share memory done!
21:23:00:227: Warning: Init DebugFlag share memory...
21:23:00:227: Warning: Init DebugFlag share memory done!
21:23:00:227: Warning: DEBUG_VAR INITED...
21:23:00:227: Warning: Application runing...
21:23:01:179: Warning: QMetaObject::connectSlotsByName: No matching signal for on_HiWordVal_valueChanged(int)
21:23:01:179: Warning: QMetaObject::connectSlotsByName: No matching signal for on_LoWordVal_valueChanged(int)
21:23:12:404: Warning: 

Application ended!




Application start...

08:07:16:448: Warning: qInstallMessageHandler end...
08:07:16:448: Warning: DebugFlag share mem alloced!
08:07:16:448: Warning: Attaching DebugFlag share mem!
08:07:16:448: Warning: Clear DebugFlag share memory...
08:07:16:448: Warning: Clear DebugFlag share memory done!
08:07:16:448: Warning: Init DebugFlag share memory...
08:07:16:448: Warning: Init DebugFlag share memory done!
08:07:16:448: Warning: DEBUG_VAR INITED...
08:07:16:448: Warning: Application runing...
08:07:17:014: Warning: QMetaObject::connectSlotsByName: No matching signal for on_HiWordVal_valueChanged(int)
08:07:17:014: Warning: QMetaObject::connectSlotsByName: No matching signal for on_LoWordVal_valueChanged(int)
10:40:30:426: Warning: 

Application ended!


